\BOOKMARK [0][-]{chapter*.2}{\376\377\000B\000e\000v\000e\000z\000e\000t\000\351\000s}{}% 1
\BOOKMARK [0][-]{chapter.1}{\376\377\0001\000.\000\040\000B\000e\000v\000e\000z\000e\000t\001\121}{}% 2
\BOOKMARK [1][-]{section.1.1}{\376\377\0001\000.\0001\000.\000\040\000M\000o\000t\000i\000v\000\341\000c\000i\000\363}{chapter.1}% 3
\BOOKMARK [1][-]{section.1.2}{\376\377\0001\000.\0002\000.\000\040\000C\000\351\000l\000k\000i\000t\001\161\000z\000\351\000s}{chapter.1}% 4
\BOOKMARK [0][-]{chapter.2}{\376\377\0002\000.\000\040\000F\000e\000l\000h\000a\000s\000z\000\341\000n\000l\000t\000\040\000t\000e\000c\000h\000n\000o\000l\000\363\000g\000i\000\341\000k}{}% 5
\BOOKMARK [1][-]{section.2.1}{\376\377\0002\000.\0001\000.\000\040\000A\000r\000d\000u\000i\000n\000o}{chapter.2}% 6
\BOOKMARK [2][-]{subsection.2.1.1}{\376\377\0002\000.\0001\000.\0001\000.\000\040\000A\000r\000d\000u\000i\000n\000o\000\040\000c\000s\000a\000l\000\341\000d}{section.2.1}% 7
\BOOKMARK [2][-]{subsection.2.1.2}{\376\377\0002\000.\0001\000.\0002\000.\000\040\000A\000r\000d\000u\000i\000n\000o\000\040\000U\000n\000o}{section.2.1}% 8
\BOOKMARK [1][-]{section.2.2}{\376\377\0002\000.\0002\000.\000\040\000V\000i\000s\000u\000a\000l\000\040\000S\000t\000u\000d\000i\000o}{chapter.2}% 9
\BOOKMARK [1][-]{section.2.3}{\376\377\0002\000.\0003\000.\000\040\000G\000i\000t\000h\000u\000b}{chapter.2}% 10
\BOOKMARK [0][-]{chapter.3}{\376\377\0003\000.\000\040\000H\000a\000r\000d\000v\000e\000r\000e\000s\000\040\000m\000e\000g\000v\000a\000l\000\363\000s\000\355\000t\000\341\000s}{}% 11
\BOOKMARK [1][-]{section.3.1}{\376\377\0003\000.\0001\000.\000\040\000A\000D\000N\000S\000-\0009\0008\0000\0000\000\040\000s\000z\000e\000n\000z\000o\000r}{chapter.3}% 12
\BOOKMARK [2][-]{subsection.3.1.1}{\376\377\0003\000.\0001\000.\0001\000.\000\040\000M\001\161\000k\000\366\000d\000\351\000s\000e}{section.3.1}% 13
\BOOKMARK [2][-]{subsection.3.1.2}{\376\377\0003\000.\0001\000.\0002\000.\000\040\000A\000d\000a\000t\000o\000k\000\040\000b\000e\000o\000l\000v\000a\000s\000\341\000s\000a}{section.3.1}% 14
\BOOKMARK [1][-]{section.3.2}{\376\377\0003\000.\0002\000.\000\040\000A\000d\000a\000t\000o\000k\000\040\000t\000o\000v\000\341\000b\000b\000\355\000t\000\341\000s\000a\000\040\000a\000\040\000V\000i\000s\000u\000a\000l\000\040\000S\000t\000u\000d\000i\000o\000\040\000f\000e\000l\000\351}{chapter.3}% 15
\BOOKMARK [1][-]{section.3.3}{\376\377\0003\000.\0003\000.\000\040\000H\000a\000r\000d\000v\000e\000r\000e\000s\000\040\000b\000e\000k\000\366\000t\000\351\000s}{chapter.3}% 16
\BOOKMARK [0][-]{chapter.4}{\376\377\0004\000.\000\040\000S\000z\000o\000f\000t\000v\000e\000r\000e\000s\000\040\000m\000e\000g\000v\000a\000l\000\363\000s\000\355\000t\000\341\000s}{}% 17
\BOOKMARK [1][-]{section.4.1}{\376\377\0004\000.\0001\000.\000\040\0003\000\040\000d\000i\000m\000e\000n\000z\000i\000\363\000s\000\040\000m\000\341\000t\000r\000i\000x\000\040\000f\000e\000l\000h\000a\000s\000z\000n\000\341\000l\000\341\000s\000a}{chapter.4}% 18
\BOOKMARK [1][-]{section.4.2}{\376\377\0004\000.\0002\000.\000\040\000B\000i\000k\000u\000b\000i\000k\000\040\000i\000n\000t\000e\000r\000p\000o\000l\000\341\000c\000i\000\363}{chapter.4}% 19
\BOOKMARK [2][-]{subsection.4.2.1}{\376\377\0004\000.\0002\000.\0001\000.\000\040\000M\001\161\000k\000\366\000d\000\351\000s\000e}{section.4.2}% 20
\BOOKMARK [2][-]{subsection.4.2.2}{\376\377\0004\000.\0002\000.\0002\000.\000\040\000M\000a\000t\000e\000m\000a\000t\000i\000k\000a\000i\000\040\000v\000o\000n\000a\000t\000k\000o\000z\000\341\000s}{section.4.2}% 21
\BOOKMARK [1][-]{section.4.3}{\376\377\0004\000.\0003\000.\000\040\000M\000\341\000t\000r\000i\000x\000\040\000\341\000t\000a\000l\000a\000k\000\355\000t\000\341\000s\000a\000\040\000k\000\351\000p\000p\000\351}{chapter.4}% 22
\BOOKMARK [0][-]{chapter*.3}{\376\377\000\326\000s\000s\000z\000e\000g\000z\000\351\000s}{}% 23
\BOOKMARK [0][-]{chapter*.4}{\376\377\000I\000r\000o\000d\000a\000l\000o\000m\000j\000e\000g\000y\000z\000\351\000k}{}% 24
