This is pdfTeX, Version 3.141592653-2.6-1.40.26 (TeX Live 2024) (preloaded format=pdflatex 2024.9.14)  15 APR 2025 19:21
entering extended mode
 restricted \write18 enabled.
 %&-line parsing enabled.
**FX0W53.tex
(./FX0W53.tex
LaTeX2e <2024-06-01> patch level 2
L3 programming layer <2024-08-30>
(c:/texlive/2024/texmf-dist/tex/latex/thesis-ekf/thesis-ekf.cls
Document Class: thesis-ekf 2024/04/18 v4.5 Thesis class for Eszterhazy Karoly C
atholic University (Eger, Hungary)
(c:/texlive/2024/texmf-dist/tex/latex/kvoptions/kvoptions.sty
Package: kvoptions 2022-06-15 v3.15 Key value format for package options (HO)

(c:/texlive/2024/texmf-dist/tex/latex/graphics/keyval.sty
Package: keyval 2022/05/29 v1.15 key=value parser (DPC)
\KV@toks@=\toks17
)
(c:/texlive/2024/texmf-dist/tex/generic/ltxcmds/ltxcmds.sty
Package: ltxcmds 2023-12-04 v1.26 LaTeX kernel commands for general use (HO)
)
(c:/texlive/2024/texmf-dist/tex/latex/kvsetkeys/kvsetkeys.sty
Package: kvsetkeys 2022-10-05 v1.19 Key value parser (HO)
))
(c:/texlive/2024/texmf-dist/tex/latex/base/report.cls
Document Class: report 2024/02/08 v1.4n Standard LaTeX document class
(c:/texlive/2024/texmf-dist/tex/latex/base/size12.clo
File: size12.clo 2024/02/08 v1.4n Standard LaTeX file (size option)
)
\c@part=\count194
\c@chapter=\count195
\c@section=\count196
\c@subsection=\count197
\c@subsubsection=\count198
\c@paragraph=\count199
\c@subparagraph=\count266
\c@figure=\count267
\c@table=\count268
\abovecaptionskip=\skip49
\belowcaptionskip=\skip50
\bibindent=\dimen141
)
(c:/texlive/2024/texmf-dist/tex/latex/setspace/setspace.sty
Package: setspace 2022/12/04 v6.7b set line spacing
)
(c:/texlive/2024/texmf-dist/tex/latex/hyperref/hyperref.sty
Package: hyperref 2024-07-10 v7.01j Hypertext links for LaTeX

(c:/texlive/2024/texmf-dist/tex/generic/iftex/iftex.sty
Package: iftex 2022/02/03 v1.0f TeX engine tests
)
(c:/texlive/2024/texmf-dist/tex/generic/kvdefinekeys/kvdefinekeys.sty
Package: kvdefinekeys 2019-12-19 v1.6 Define keys (HO)
)
(c:/texlive/2024/texmf-dist/tex/generic/pdfescape/pdfescape.sty
Package: pdfescape 2019/12/09 v1.15 Implements pdfTeX's escape features (HO)

(c:/texlive/2024/texmf-dist/tex/generic/pdftexcmds/pdftexcmds.sty
Package: pdftexcmds 2020-06-27 v0.33 Utility functions of pdfTeX for LuaTeX (HO
)

(c:/texlive/2024/texmf-dist/tex/generic/infwarerr/infwarerr.sty
Package: infwarerr 2019/12/03 v1.5 Providing info/warning/error messages (HO)
)
Package pdftexcmds Info: \pdf@primitive is available.
Package pdftexcmds Info: \pdf@ifprimitive is available.
Package pdftexcmds Info: \pdfdraftmode found.
))
(c:/texlive/2024/texmf-dist/tex/latex/hycolor/hycolor.sty
Package: hycolor 2020-01-27 v1.10 Color options for hyperref/bookmark (HO)
)
(c:/texlive/2024/texmf-dist/tex/latex/hyperref/nameref.sty
Package: nameref 2023-11-26 v2.56 Cross-referencing by name of section

(c:/texlive/2024/texmf-dist/tex/latex/refcount/refcount.sty
Package: refcount 2019/12/15 v3.6 Data extraction from label references (HO)
)
(c:/texlive/2024/texmf-dist/tex/generic/gettitlestring/gettitlestring.sty
Package: gettitlestring 2019/12/15 v1.6 Cleanup title references (HO)
)
\c@section@level=\count269
)
(c:/texlive/2024/texmf-dist/tex/latex/etoolbox/etoolbox.sty
Package: etoolbox 2020/10/05 v2.5k e-TeX tools for LaTeX (JAW)
\etb@tempcnta=\count270
)
(c:/texlive/2024/texmf-dist/tex/generic/stringenc/stringenc.sty
Package: stringenc 2019/11/29 v1.12 Convert strings between diff. encodings (HO
)
)
\@linkdim=\dimen142
\Hy@linkcounter=\count271
\Hy@pagecounter=\count272

(c:/texlive/2024/texmf-dist/tex/latex/hyperref/pd1enc.def
File: pd1enc.def 2024-07-10 v7.01j Hyperref: PDFDocEncoding definition (HO)
Now handling font encoding PD1 ...
... no UTF-8 mapping file for font encoding PD1
)
(c:/texlive/2024/texmf-dist/tex/generic/intcalc/intcalc.sty
Package: intcalc 2019/12/15 v1.3 Expandable calculations with integers (HO)
)
\Hy@SavedSpaceFactor=\count273

(c:/texlive/2024/texmf-dist/tex/latex/hyperref/puenc.def
File: puenc.def 2024-07-10 v7.01j Hyperref: PDF Unicode definition (HO)
Now handling font encoding PU ...
... no UTF-8 mapping file for font encoding PU
)
Package hyperref Info: Option `linktocpage' set `true' on input line 4040.
Package hyperref Info: Option `bookmarksnumbered' set `true' on input line 4040
.
Package hyperref Info: Hyper figures OFF on input line 4157.
Package hyperref Info: Link nesting OFF on input line 4162.
Package hyperref Info: Hyper index ON on input line 4165.
Package hyperref Info: Plain pages OFF on input line 4172.
Package hyperref Info: Backreferencing OFF on input line 4177.
Package hyperref Info: Implicit mode ON; LaTeX internals redefined.
Package hyperref Info: Bookmarks ON on input line 4424.
\c@Hy@tempcnt=\count274

(c:/texlive/2024/texmf-dist/tex/latex/url/url.sty
\Urlmuskip=\muskip17
Package: url 2013/09/16  ver 3.4  Verb mode for urls, etc.
)
LaTeX Info: Redefining \url on input line 4763.
\XeTeXLinkMargin=\dimen143

(c:/texlive/2024/texmf-dist/tex/generic/bitset/bitset.sty
Package: bitset 2019/12/09 v1.3 Handle bit-vector datatype (HO)

(c:/texlive/2024/texmf-dist/tex/generic/bigintcalc/bigintcalc.sty
Package: bigintcalc 2019/12/15 v1.5 Expandable calculations on big integers (HO
)
))
\Fld@menulength=\count275
\Field@Width=\dimen144
\Fld@charsize=\dimen145
Package hyperref Info: Hyper figures OFF on input line 6042.
Package hyperref Info: Link nesting OFF on input line 6047.
Package hyperref Info: Hyper index ON on input line 6050.
Package hyperref Info: backreferencing OFF on input line 6057.
Package hyperref Info: Link coloring OFF on input line 6062.
Package hyperref Info: Link coloring with OCG OFF on input line 6067.
Package hyperref Info: PDF/A mode OFF on input line 6072.

(c:/texlive/2024/texmf-dist/tex/latex/base/atbegshi-ltx.sty
Package: atbegshi-ltx 2021/01/10 v1.0c Emulation of the original atbegshi
package with kernel methods
)
\Hy@abspage=\count276
\c@Item=\count277
\c@Hfootnote=\count278
)
Package hyperref Info: Driver (autodetected): hpdftex.

(c:/texlive/2024/texmf-dist/tex/latex/hyperref/hpdftex.def
File: hpdftex.def 2024-07-10 v7.01j Hyperref driver for pdfTeX

(c:/texlive/2024/texmf-dist/tex/latex/base/atveryend-ltx.sty
Package: atveryend-ltx 2020/08/19 v1.0a Emulation of the original atveryend pac
kage
with kernel methods
)
\Fld@listcount=\count279
\c@bookmark@seq@number=\count280

(c:/texlive/2024/texmf-dist/tex/latex/rerunfilecheck/rerunfilecheck.sty
Package: rerunfilecheck 2022-07-10 v1.10 Rerun checks for auxiliary files (HO)

(c:/texlive/2024/texmf-dist/tex/generic/uniquecounter/uniquecounter.sty
Package: uniquecounter 2019/12/15 v1.4 Provide unlimited unique counter (HO)
)
Package uniquecounter Info: New unique counter `rerunfilecheck' on input line 2
85.
)
\Hy@SectionHShift=\skip51
)
(c:/texlive/2024/texmf-dist/tex/latex/geometry/geometry.sty
Package: geometry 2020/01/02 v5.9 Page Geometry

(c:/texlive/2024/texmf-dist/tex/generic/iftex/ifvtex.sty
Package: ifvtex 2019/10/25 v1.7 ifvtex legacy package. Use iftex instead.
)
\Gm@cnth=\count281
\Gm@cntv=\count282
\c@Gm@tempcnt=\count283
\Gm@bindingoffset=\dimen146
\Gm@wd@mp=\dimen147
\Gm@odd@mp=\dimen148
\Gm@even@mp=\dimen149
\Gm@layoutwidth=\dimen150
\Gm@layoutheight=\dimen151
\Gm@layouthoffset=\dimen152
\Gm@layoutvoffset=\dimen153
\Gm@dimlist=\toks18
)
(c:/texlive/2024/texmf-dist/tex/latex/lm/lmodern.sty
Package: lmodern 2015/05/01 v1.6.1 Latin Modern Fonts
LaTeX Font Info:    Overwriting symbol font `operators' in version `normal'
(Font)                  OT1/cmr/m/n --> OT1/lmr/m/n on input line 22.
LaTeX Font Info:    Overwriting symbol font `letters' in version `normal'
(Font)                  OML/cmm/m/it --> OML/lmm/m/it on input line 23.
LaTeX Font Info:    Overwriting symbol font `symbols' in version `normal'
(Font)                  OMS/cmsy/m/n --> OMS/lmsy/m/n on input line 24.
LaTeX Font Info:    Overwriting symbol font `largesymbols' in version `normal'
(Font)                  OMX/cmex/m/n --> OMX/lmex/m/n on input line 25.
LaTeX Font Info:    Overwriting symbol font `operators' in version `bold'
(Font)                  OT1/cmr/bx/n --> OT1/lmr/bx/n on input line 26.
LaTeX Font Info:    Overwriting symbol font `letters' in version `bold'
(Font)                  OML/cmm/b/it --> OML/lmm/b/it on input line 27.
LaTeX Font Info:    Overwriting symbol font `symbols' in version `bold'
(Font)                  OMS/cmsy/b/n --> OMS/lmsy/b/n on input line 28.
LaTeX Font Info:    Overwriting symbol font `largesymbols' in version `bold'
(Font)                  OMX/cmex/m/n --> OMX/lmex/m/n on input line 29.
LaTeX Font Info:    Overwriting math alphabet `\mathbf' in version `normal'
(Font)                  OT1/cmr/bx/n --> OT1/lmr/bx/n on input line 31.
LaTeX Font Info:    Overwriting math alphabet `\mathsf' in version `normal'
(Font)                  OT1/cmss/m/n --> OT1/lmss/m/n on input line 32.
LaTeX Font Info:    Overwriting math alphabet `\mathit' in version `normal'
(Font)                  OT1/cmr/m/it --> OT1/lmr/m/it on input line 33.
LaTeX Font Info:    Overwriting math alphabet `\mathtt' in version `normal'
(Font)                  OT1/cmtt/m/n --> OT1/lmtt/m/n on input line 34.
LaTeX Font Info:    Overwriting math alphabet `\mathbf' in version `bold'
(Font)                  OT1/cmr/bx/n --> OT1/lmr/bx/n on input line 35.
LaTeX Font Info:    Overwriting math alphabet `\mathsf' in version `bold'
(Font)                  OT1/cmss/bx/n --> OT1/lmss/bx/n on input line 36.
LaTeX Font Info:    Overwriting math alphabet `\mathit' in version `bold'
(Font)                  OT1/cmr/bx/it --> OT1/lmr/bx/it on input line 37.
LaTeX Font Info:    Overwriting math alphabet `\mathtt' in version `bold'
(Font)                  OT1/cmtt/m/n --> OT1/lmtt/m/n on input line 38.
)
(c:/texlive/2024/texmf-dist/tex/latex/fixcmex/fixcmex.sty
Package: fixcmex 2019/08/05 v1.1 Scalable math extensions font (Enrico Gregorio
)
)
(c:/texlive/2024/texmf-dist/tex/latex/graphics/graphicx.sty
Package: graphicx 2021/09/16 v1.2d Enhanced LaTeX Graphics (DPC,SPQR)

(c:/texlive/2024/texmf-dist/tex/latex/graphics/graphics.sty
Package: graphics 2024/05/23 v1.4g Standard LaTeX Graphics (DPC,SPQR)

(c:/texlive/2024/texmf-dist/tex/latex/graphics/trig.sty
Package: trig 2023/12/02 v1.11 sin cos tan (DPC)
)
(c:/texlive/2024/texmf-dist/tex/latex/graphics-cfg/graphics.cfg
File: graphics.cfg 2016/06/04 v1.11 sample graphics configuration
)
Package graphics Info: Driver file: pdftex.def on input line 106.

(c:/texlive/2024/texmf-dist/tex/latex/graphics-def/pdftex.def
File: pdftex.def 2024/04/13 v1.2c Graphics/color driver for pdftex
))
\Gin@req@height=\dimen154
\Gin@req@width=\dimen155
))
(c:/texlive/2024/texmf-dist/tex/latex/base/fontenc.sty
Package: fontenc 2021/04/29 v2.0v Standard LaTeX package
LaTeX Font Info:    Trying to load font information for T1+lmr on input line 11
6.

(c:/texlive/2024/texmf-dist/tex/latex/lm/t1lmr.fd
File: t1lmr.fd 2015/05/01 v1.6.1 Font defs for Latin Modern
))
(c:/texlive/2024/texmf-dist/tex/generic/babel/babel.sty
Package: babel 2024/08/29 v24.9 The Babel package
\babel@savecnt=\count284
\U@D=\dimen156
\l@unhyphenated=\language89

(c:/texlive/2024/texmf-dist/tex/generic/babel/txtbabel.def)
\bbl@readstream=\read2
\bbl@dirlevel=\count285

(c:/texlive/2024/texmf-dist/tex/generic/babel-hungarian/magyar.ldf
Language: magyar 2019/01/14 v1.5c Magyar (Hungarian) support for babel
\c@enumv=\count286
Package babel Info: Making ; an active character on input line 2791.
Package babel Info: Making ! an active character on input line 2793.
Package babel Info: Making ? an active character on input line 2799.
Package babel Info: Making : an active character on input line 2801.
Package babel Info: Making ` an active character on input line 2819.
\c@footnote@add=\count287
\c@footnote@ch=\count288
))
(c:/texlive/2024/texmf-dist/tex/generic/babel/locale/hu/babel-magyar.tex
Package babel Info: Importing font and identification data for magyar
(babel)             from babel-hu.ini. Reported on input line 11.
)
(c:/texlive/2024/texmf-dist/tex/latex/mathtools/mathtools.sty
Package: mathtools 2024/03/11 v1.30 mathematical typesetting tools

(c:/texlive/2024/texmf-dist/tex/latex/tools/calc.sty
Package: calc 2023/07/08 v4.3 Infix arithmetic (KKT,FJ)
\calc@Acount=\count289
\calc@Bcount=\count290
\calc@Adimen=\dimen157
\calc@Bdimen=\dimen158
\calc@Askip=\skip52
\calc@Bskip=\skip53
LaTeX Info: Redefining \setlength on input line 80.
LaTeX Info: Redefining \addtolength on input line 81.
\calc@Ccount=\count291
\calc@Cskip=\skip54
)
(c:/texlive/2024/texmf-dist/tex/latex/mathtools/mhsetup.sty
Package: mhsetup 2021/03/18 v1.4 programming setup (MH)
)
(c:/texlive/2024/texmf-dist/tex/latex/amsmath/amsmath.sty
Package: amsmath 2024/05/23 v2.17q AMS math features
\@mathmargin=\skip55

For additional information on amsmath, use the `?' option.
(c:/texlive/2024/texmf-dist/tex/latex/amsmath/amstext.sty
Package: amstext 2021/08/26 v2.01 AMS text

(c:/texlive/2024/texmf-dist/tex/latex/amsmath/amsgen.sty
File: amsgen.sty 1999/11/30 v2.0 generic functions
\@emptytoks=\toks19
\ex@=\dimen159
))
(c:/texlive/2024/texmf-dist/tex/latex/amsmath/amsbsy.sty
Package: amsbsy 1999/11/29 v1.2d Bold Symbols
\pmbraise@=\dimen160
)
(c:/texlive/2024/texmf-dist/tex/latex/amsmath/amsopn.sty
Package: amsopn 2022/04/08 v2.04 operator names
)
\inf@bad=\count292
LaTeX Info: Redefining \frac on input line 233.
\uproot@=\count293
\leftroot@=\count294
LaTeX Info: Redefining \overline on input line 398.
LaTeX Info: Redefining \colon on input line 409.
\classnum@=\count295
\DOTSCASE@=\count296
LaTeX Info: Redefining \ldots on input line 495.
LaTeX Info: Redefining \dots on input line 498.
LaTeX Info: Redefining \cdots on input line 619.
\Mathstrutbox@=\box52
\strutbox@=\box53
LaTeX Info: Redefining \big on input line 721.
LaTeX Info: Redefining \Big on input line 722.
LaTeX Info: Redefining \bigg on input line 723.
LaTeX Info: Redefining \Bigg on input line 724.
\big@size=\dimen161
LaTeX Font Info:    Redeclaring font encoding OML on input line 742.
LaTeX Font Info:    Redeclaring font encoding OMS on input line 743.
\macc@depth=\count297
LaTeX Info: Redefining \bmod on input line 904.
LaTeX Info: Redefining \pmod on input line 909.
LaTeX Info: Redefining \smash on input line 939.
LaTeX Info: Redefining \relbar on input line 969.
LaTeX Info: Redefining \Relbar on input line 970.
\c@MaxMatrixCols=\count298
\dotsspace@=\muskip18
\c@parentequation=\count299
\dspbrk@lvl=\count300
\tag@help=\toks20
\row@=\count301
\column@=\count302
\maxfields@=\count303
\andhelp@=\toks21
\eqnshift@=\dimen162
\alignsep@=\dimen163
\tagshift@=\dimen164
\tagwidth@=\dimen165
\totwidth@=\dimen166
\lineht@=\dimen167
\@envbody=\toks22
\multlinegap=\skip56
\multlinetaggap=\skip57
\mathdisplay@stack=\toks23
LaTeX Info: Redefining \[ on input line 2953.
LaTeX Info: Redefining \] on input line 2954.
)
\g_MT_multlinerow_int=\count304
\l_MT_multwidth_dim=\dimen168
\origjot=\skip58
\l_MT_shortvdotswithinadjustabove_dim=\dimen169
\l_MT_shortvdotswithinadjustbelow_dim=\dimen170
\l_MT_above_intertext_sep=\dimen171
\l_MT_below_intertext_sep=\dimen172
\l_MT_above_shortintertext_sep=\dimen173
\l_MT_below_shortintertext_sep=\dimen174
\xmathstrut@box=\box54
\xmathstrut@dim=\dimen175
)
(c:/texlive/2024/texmf-dist/tex/latex/amsfonts/amssymb.sty
Package: amssymb 2013/01/14 v3.01 AMS font symbols

(c:/texlive/2024/texmf-dist/tex/latex/amsfonts/amsfonts.sty
Package: amsfonts 2013/01/14 v3.01 Basic AMSFonts support
\symAMSa=\mathgroup4
\symAMSb=\mathgroup5
LaTeX Font Info:    Redeclaring math symbol \hbar on input line 98.
LaTeX Font Info:    Overwriting math alphabet `\mathfrak' in version `bold'
(Font)                  U/euf/m/n --> U/euf/b/n on input line 106.
))
(c:/texlive/2024/texmf-dist/tex/latex/amscls/amsthm.sty
Package: amsthm 2020/05/29 v2.20.6
\thm@style=\toks24
\thm@bodyfont=\toks25
\thm@headfont=\toks26
\thm@notefont=\toks27
\thm@headpunct=\toks28
\thm@preskip=\skip59
\thm@postskip=\skip60
\thm@headsep=\skip61
\dth@everypar=\toks29
)
(c:/texlive/2024/texmf-dist/tex/latex/pdfpages/pdfpages.sty
Package: pdfpages 2024/08/20 v0.6b Insert pages of external PDF documents (AM)

(c:/texlive/2024/texmf-dist/tex/latex/base/ifthen.sty
Package: ifthen 2024/03/16 v1.1e Standard LaTeX ifthen package (DPC)
)
(c:/texlive/2024/texmf-dist/tex/latex/eso-pic/eso-pic.sty
Package: eso-pic 2023/05/03 v3.0c eso-pic (RN)
\ESO@tempdima=\dimen176
\ESO@tempdimb=\dimen177

(c:/texlive/2024/texmf-dist/tex/latex/xcolor/xcolor.sty
Package: xcolor 2023/11/15 v3.01 LaTeX color extensions (UK)

(c:/texlive/2024/texmf-dist/tex/latex/graphics-cfg/color.cfg
File: color.cfg 2016/01/02 v1.6 sample color configuration
)
Package xcolor Info: Driver file: pdftex.def on input line 274.

(c:/texlive/2024/texmf-dist/tex/latex/graphics/mathcolor.ltx)
Package xcolor Info: Model `cmy' substituted by `cmy0' on input line 1350.
Package xcolor Info: Model `hsb' substituted by `rgb' on input line 1354.
Package xcolor Info: Model `RGB' extended on input line 1366.
Package xcolor Info: Model `HTML' substituted by `rgb' on input line 1368.
Package xcolor Info: Model `Hsb' substituted by `hsb' on input line 1369.
Package xcolor Info: Model `tHsb' substituted by `hsb' on input line 1370.
Package xcolor Info: Model `HSB' substituted by `hsb' on input line 1371.
Package xcolor Info: Model `Gray' substituted by `gray' on input line 1372.
Package xcolor Info: Model `wave' substituted by `hsb' on input line 1373.
))
\AM@pagewidth=\dimen178
\AM@pageheight=\dimen179
\AM@fboxrule=\dimen180

(c:/texlive/2024/texmf-dist/tex/latex/pdfpages/pppdftex.def
File: pppdftex.def 2024/08/20 v0.6b Pdfpages driver for pdfTeX (AM)
)
\pdfpages@includegraphics@status=\count305
\AM@pagebox=\box55
\AM@global@opts=\toks30
\AM@pagecnt=\count306
\AM@toc@title=\toks31
\AM@lof@heading=\toks32
\c@AM@survey=\count307
\AM@templatesizebox=\box56
)
(c:/texlive/2024/texmf-dist/tex/latex/listings/listings.sty
\lst@mode=\count308
\lst@gtempboxa=\box57
\lst@token=\toks33
\lst@length=\count309
\lst@currlwidth=\dimen181
\lst@column=\count310
\lst@pos=\count311
\lst@lostspace=\dimen182
\lst@width=\dimen183
\lst@newlines=\count312
\lst@lineno=\count313
\lst@maxwidth=\dimen184

(c:/texlive/2024/texmf-dist/tex/latex/listings/lstpatch.sty
File: lstpatch.sty 2024/05/25 1.10b (Carsten Heinz)
)
(c:/texlive/2024/texmf-dist/tex/latex/listings/lstmisc.sty
File: lstmisc.sty 2024/05/25 1.10b (Carsten Heinz)
\c@lstnumber=\count314
\lst@skipnumbers=\count315
\lst@framebox=\box58
)
(c:/texlive/2024/texmf-dist/tex/latex/listings/listings.cfg
File: listings.cfg 2024/05/25 1.10b listings configuration
))
Package: listings 2024/05/25 1.10b (Carsten Heinz)

(c:/texlive/2024/texmf-dist/tex/latex/tools/multicol.sty
Package: multicol 2024/05/23 v1.9h multicolumn formatting (FMi)
\c@tracingmulticols=\count316
\mult@box=\box59
\multicol@leftmargin=\dimen185
\c@unbalance=\count317
\c@collectmore=\count318
\doublecol@number=\count319
\multicoltolerance=\count320
\multicolpretolerance=\count321
\full@width=\dimen186
\page@free=\dimen187
\premulticols=\dimen188
\postmulticols=\dimen189
\multicolsep=\skip62
\multicolbaselineskip=\skip63
\partial@page=\box60
\last@line=\box61
\mc@boxedresult=\box62
\maxbalancingoverflow=\dimen190
\mult@rightbox=\box63
\mult@grightbox=\box64
\mult@firstbox=\box65
\mult@gfirstbox=\box66
\@tempa=\box67
\@tempa=\box68
\@tempa=\box69
\@tempa=\box70
\@tempa=\box71
\@tempa=\box72
\@tempa=\box73
\@tempa=\box74
\@tempa=\box75
\@tempa=\box76
\@tempa=\box77
\@tempa=\box78
\@tempa=\box79
\@tempa=\box80
\@tempa=\box81
\@tempa=\box82
\@tempa=\box83
\@tempa=\box84
\@tempa=\box85
\@tempa=\box86
\@tempa=\box87
\@tempa=\box88
\@tempa=\box89
\@tempa=\box90
\@tempa=\box91
\@tempa=\box92
\@tempa=\box93
\@tempa=\box94
\@tempa=\box95
\@tempa=\box96
\@tempa=\box97
\@tempa=\box98
\@tempa=\box99
\@tempa=\box100
\@tempa=\box101
\@tempa=\box102
\c@minrows=\count322
\c@columnbadness=\count323
\c@finalcolumnbadness=\count324
\last@try=\dimen191
\multicolovershoot=\dimen192
\multicolundershoot=\dimen193
\mult@nat@firstbox=\box103
\colbreak@box=\box104
\mc@col@check@num=\count325
)
(c:/texlive/2024/texmf-dist/tex/latex/enumitem/enumitem.sty
Package: enumitem 2019/06/20 v3.9 Customized lists
\labelindent=\skip64
\enit@outerparindent=\dimen194
\enit@toks=\toks34
\enit@inbox=\box105
\enit@count@id=\count326
\enitdp@description=\count327
)
(c:/texlive/2024/texmf-dist/tex/latex/wrapfig/wrapfig.sty
\wrapoverhang=\dimen195
\WF@size=\dimen196
\c@WF@wrappedlines=\count328
\WF@box=\box106
\WF@everypar=\toks35
Package: wrapfig 2003/01/31  v 3.6
)
\c@tetel=\count329

(./arduinoLanguage.tex (c:/texlive/2024/texmf-dist/tex/latex/psnfss/courier.sty
Package: courier 2020/03/25 PSNFSS-v9.3 (WaS) 
)) (./csharpLanguage.tex)
(c:/texlive/2024/texmf-dist/tex/latex/upquote/upquote.sty
Package: upquote 2012/04/19 v1.3 upright-quote and grave-accent glyphs in verba
tim

(c:/texlive/2024/texmf-dist/tex/latex/base/textcomp.sty
Package: textcomp 2024/04/24 v2.1b Standard LaTeX package
))
(c:/texlive/2024/texmf-dist/tex/latex/l3backend/l3backend-pdftex.def
File: l3backend-pdftex.def 2024-05-08 L3 backend support: PDF output (pdfTeX)
\l__color_backend_stack_int=\count330
\l__pdf_internal_box=\box107
)
(./FX0W53.aux)
\openout1 = `FX0W53.aux'.

LaTeX Font Info:    Checking defaults for OML/cmm/m/it on input line 17.
LaTeX Font Info:    ... okay on input line 17.
LaTeX Font Info:    Checking defaults for OMS/cmsy/m/n on input line 17.
LaTeX Font Info:    ... okay on input line 17.
LaTeX Font Info:    Checking defaults for OT1/cmr/m/n on input line 17.
LaTeX Font Info:    ... okay on input line 17.
LaTeX Font Info:    Checking defaults for T1/cmr/m/n on input line 17.
LaTeX Font Info:    ... okay on input line 17.
LaTeX Font Info:    Checking defaults for TS1/cmr/m/n on input line 17.
LaTeX Font Info:    ... okay on input line 17.
LaTeX Font Info:    Checking defaults for OMX/cmex/m/n on input line 17.
LaTeX Font Info:    ... okay on input line 17.
LaTeX Font Info:    Checking defaults for U/cmr/m/n on input line 17.
LaTeX Font Info:    ... okay on input line 17.
LaTeX Font Info:    Checking defaults for PD1/pdf/m/n on input line 17.
LaTeX Font Info:    ... okay on input line 17.
LaTeX Font Info:    Checking defaults for PU/pdf/m/n on input line 17.
LaTeX Font Info:    ... okay on input line 17.
Package hyperref Info: Link coloring OFF on input line 17.
 (./FX0W53.out) (./FX0W53.out)
\@outlinefile=\write3
\openout3 = `FX0W53.out'.


*geometry* driver: auto-detecting
*geometry* detected driver: pdftex
*geometry* verbose mode - [ preamble ] result:
* driver: pdftex
* paper: a4paper
* layout: <same size as paper>
* layoutoffset:(h,v)=(0.0pt,0.0pt)
* modes: 
* h-part:(L,W,R)=(85.35826pt, 441.01773pt, 71.13188pt)
* v-part:(T,H,B)=(71.13188pt, 702.78308pt, 71.13188pt)
* \paperwidth=597.50787pt
* \paperheight=845.04684pt
* \textwidth=441.01773pt
* \textheight=702.78308pt
* \oddsidemargin=13.08827pt
* \evensidemargin=13.08827pt
* \topmargin=-38.1381pt
* \headheight=12.0pt
* \headsep=25.0pt
* \topskip=12.0pt
* \footskip=30.0pt
* \marginparwidth=44.0pt
* \marginparsep=10.0pt
* \columnsep=10.0pt
* \skip\footins=10.8pt plus 4.0pt minus 2.0pt
* \hoffset=0.0pt
* \voffset=0.0pt
* \mag=1000
* \@twocolumnfalse
* \@twosidefalse
* \@mparswitchfalse
* \@reversemarginfalse
* (1in=72.27pt=25.4mm, 1cm=28.453pt)

LaTeX Font Info:    Trying to load font information for OT1+lmr on input line 1
7.
(c:/texlive/2024/texmf-dist/tex/latex/lm/ot1lmr.fd
File: ot1lmr.fd 2015/05/01 v1.6.1 Font defs for Latin Modern
)
LaTeX Font Info:    Trying to load font information for OML+lmm on input line 1
7.

(c:/texlive/2024/texmf-dist/tex/latex/lm/omllmm.fd
File: omllmm.fd 2015/05/01 v1.6.1 Font defs for Latin Modern
)
LaTeX Font Info:    Trying to load font information for OMS+lmsy on input line 
17.

(c:/texlive/2024/texmf-dist/tex/latex/lm/omslmsy.fd
File: omslmsy.fd 2015/05/01 v1.6.1 Font defs for Latin Modern
)
LaTeX Font Info:    Trying to load font information for OMX+lmex on input line 
17.

(c:/texlive/2024/texmf-dist/tex/latex/lm/omxlmex.fd
File: omxlmex.fd 2015/05/01 v1.6.1 Font defs for Latin Modern
)
LaTeX Font Info:    External font `lmex10' loaded for size
(Font)              <12> on input line 17.
LaTeX Font Info:    External font `lmex10' loaded for size
(Font)              <8> on input line 17.
LaTeX Font Info:    External font `lmex10' loaded for size
(Font)              <6> on input line 17.
LaTeX Font Info:    Trying to load font information for U+msa on input line 17.


(c:/texlive/2024/texmf-dist/tex/latex/amsfonts/umsa.fd
File: umsa.fd 2013/01/14 v3.01 AMS symbols A
)
LaTeX Font Info:    Trying to load font information for U+msb on input line 17.


(c:/texlive/2024/texmf-dist/tex/latex/amsfonts/umsb.fd
File: umsb.fd 2013/01/14 v3.01 AMS symbols B
)
LaTeX Font Info:    Overwriting symbol font `largesymbols' in version `normal'
(Font)                  OMX/lmex/m/n --> OMX/cmex/m/n on input line 17.
LaTeX Font Info:    Overwriting symbol font `largesymbols' in version `bold'
(Font)                  OMX/lmex/m/n --> OMX/cmex/m/n on input line 17.

(c:/texlive/2024/texmf-dist/tex/context/base/mkii/supp-pdf.mkii
[Loading MPS to PDF converter (version 2006.09.02).]
\scratchcounter=\count331
\scratchdimen=\dimen197
\scratchbox=\box108
\nofMPsegments=\count332
\nofMParguments=\count333
\everyMPshowfont=\toks36
\MPscratchCnt=\count334
\MPscratchDim=\dimen198
\MPnumerator=\count335
\makeMPintoPDFobject=\count336
\everyMPtoPDFconversion=\toks37
) (c:/texlive/2024/texmf-dist/tex/latex/epstopdf-pkg/epstopdf-base.sty
Package: epstopdf-base 2020-01-24 v2.11 Base part for package epstopdf
Package epstopdf-base Info: Redefining graphics rule for `.eps' on input line 4
85.

(c:/texlive/2024/texmf-dist/tex/latex/latexconfig/epstopdf-sys.cfg
File: epstopdf-sys.cfg 2010/07/13 v1.3 Configuration of (r)epstopdf for TeX Liv
e
))
(c:/texlive/2024/texmf-dist/tex/latex/pdflscape/pdflscape.sty
Package: pdflscape 2022-10-27 v0.13 Display of landscape pages in PDF

(c:/texlive/2024/texmf-dist/tex/latex/pdflscape/pdflscape-nometadata.sty
Package: pdflscape-nometadata 2022-10-28 v0.13 Display of landscape pages in PD
F (HO)

(c:/texlive/2024/texmf-dist/tex/latex/graphics/lscape.sty
Package: lscape 2020/05/28 v3.02 Landscape Pages (DPC)
)
Package pdflscape Info: Auto-detected driver: pdftex on input line 81.
))
\c@lstlisting=\count337

(c:/texlive/2024/texmf-dist/tex/latex/base/report.cls
LaTeX Info: Redefining \cal on input line 577.
LaTeX Info: Redefining \mit on input line 578.
)
<eszterhazy-logo-hu.pdf, id=116, 256.07971pt x 88.04292pt>
File: eszterhazy-logo-hu.pdf Graphic file (type pdf)
<use eszterhazy-logo-hu.pdf>
Package pdftex.def Info: eszterhazy-logo-hu.pdf  used on input line 25.
(pdftex.def)             Requested size: 256.07907pt x 88.0427pt.


[1


{c:/texlive/2024/texmf-var/fonts/map/pdftex/updmap/pdftex.map}{c:/texlive/2024/
texmf-dist/fonts/enc/dvips/lm/lm-ec.enc} <c:/texlive/2024/texmf-dist/tex/latex/
thesis-ekf/eszterhazy-logo-hu.pdf>] (./FX0W53.toc

[2

])
\tf@toc=\write4
\openout4 = `FX0W53.toc'.



[3]

[4

]
1. fejezet.


[5

]
2. fejezet.
<ArduinoFamily.png, id=180, 770.88pt x 380.17032pt>
File: ArduinoFamily.png Graphic file (type png)
<use ArduinoFamily.png>
Package pdftex.def Info: ArduinoFamily.png  used on input line 60.
(pdftex.def)             Requested size: 396.91325pt x 195.74059pt.


[6

 <./ArduinoFamily.png (PNG copy)>]
LaTeX Font Info:    Trying to load font information for TS1+lmr on input line 7
1.

(c:/texlive/2024/texmf-dist/tex/latex/lm/ts1lmr.fd
File: ts1lmr.fd 2015/05/01 v1.6.1 Font defs for Latin Modern
)
<ATMEGA328P-PU.jpg, id=190, 433.62pt x 289.08pt>
File: ATMEGA328P-PU.jpg Graphic file (type jpg)
<use ATMEGA328P-PU.jpg>
Package pdftex.def Info: ATMEGA328P-PU.jpg  used on input line 79.
(pdftex.def)             Requested size: 176.40439pt x 117.60165pt.
<arduino-nano-pinout.png, id=192, 1405.25pt x 1104.125pt>
File: arduino-nano-pinout.png Graphic file (type png)
<use arduino-nano-pinout.png>
Package pdftex.def Info: arduino-nano-pinout.png  used on input line 92.
(pdftex.def)             Requested size: 308.71106pt x 242.55444pt.


[7{c:/texlive/2024/texmf-dist/fonts/enc/dvips/lm/lm-ts1.enc} <./ATMEGA328P-PU.j
pg>]
Overfull \hbox (4.29927pt too wide) in paragraph at lines 106--107
[]\T1/lmr/bx/n/12 6. Egy-sze-r¶ prog-ra-moz-ha-tó-ság és csat-la-koz-ta-tás. \T
1/lmr/m/n/12 Az Ar-du-i-no Na-no könnyen
 []



[8 <./arduino-nano-pinout.png>]

[9]
3. fejezet.
<ADNS9800base.jpg, id=217, 803.0pt x 803.0pt>
File: ADNS9800base.jpg Graphic file (type jpg)
<use ADNS9800base.jpg>
Package pdftex.def Info: ADNS9800base.jpg  used on input line 128.
(pdftex.def)             Requested size: 154.35889pt x 154.36049pt.


[10

 <./ADNS9800base.jpg>]
<ADNS9800.jpg, id=224, 1172.38pt x 919.435pt>
File: ADNS9800.jpg Graphic file (type jpg)
<use ADNS9800.jpg>
Package pdftex.def Info: ADNS9800.jpg  used on input line 137.
(pdftex.def)             Requested size: 132.30666pt x 103.74763pt.
<szintilleszto.jpg, id=226, 762.85pt x 705.63625pt>
File: szintilleszto.jpg Graphic file (type jpg)
<use szintilleszto.jpg>
Package pdftex.def Info: szintilleszto.jpg  used on input line 146.
(pdftex.def)             Requested size: 176.40439pt x 163.16505pt.

(c:/texlive/2024/texmf-dist/tex/latex/listings/lstlang1.sty
File: lstlang1.sty 2024/05/25 1.10b listings language file
)
(c:/texlive/2024/texmf-dist/tex/latex/listings/lstlang1.sty
File: lstlang1.sty 2024/05/25 1.10b listings language file
)
(c:/texlive/2024/texmf-dist/tex/latex/listings/lstmisc.sty
File: lstmisc.sty 2024/05/25 1.10b (Carsten Heinz)
)

[11 <./ADNS9800.jpg> <./szintilleszto.jpg>]
LaTeX Font Info:    Trying to load font information for T1+pcr on input line 15
5.

(c:/texlive/2024/texmf-dist/tex/latex/psnfss/t1pcr.fd
File: t1pcr.fd 2001/06/04 font definitions for T1/pcr.
)

[12{c:/texlive/2024/texmf-dist/fonts/enc/dvips/base/8r.enc}]
<MITSUMI-Stepping-Motor-M42SP-4NP.jpg, id=283, 602.25pt x 306.14375pt>
File: MITSUMI-Stepping-Motor-M42SP-4NP.jpg Graphic file (type jpg)
<use MITSUMI-Stepping-Motor-M42SP-4NP.jpg>
Package pdftex.def Info: MITSUMI-Stepping-Motor-M42SP-4NP.jpg  used on input li
ne 230.
(pdftex.def)             Requested size: 176.40439pt x 89.67163pt.


[13]
<stepper-motors-half-step.jpg, id=307, 505.89pt x 300.12125pt>
File: stepper-motors-half-step.jpg Graphic file (type jpg)
<use stepper-motors-half-step.jpg>
Package pdftex.def Info: stepper-motors-half-step.jpg  used on input line 239.
(pdftex.def)             Requested size: 220.50887pt x 130.81729pt.

Overfull \hbox (11.11206pt too wide) in paragraph at lines 245--246
[]\T1/lmr/m/n/12 A víz-szin-tes moz-gás-hoz be-épí-tet-tem egy uni-po-lá-ris lé
p-te-t®-mo-tort, amely egy ULN2003
 []

<28BYJ-48-modul-ULN2003.jpg, id=308, 963.6pt x 542.025pt>
File: 28BYJ-48-modul-ULN2003.jpg Graphic file (type jpg)
<use 28BYJ-48-modul-ULN2003.jpg>
Package pdftex.def Info: 28BYJ-48-modul-ULN2003.jpg  used on input line 249.
(pdftex.def)             Requested size: 220.50887pt x 124.03455pt.
<MH-Infrared-Speed-Sensor-Module.jpg, id=309, 803.0pt x 803.0pt>
File: MH-Infrared-Speed-Sensor-Module.jpg Graphic file (type jpg)
<use MH-Infrared-Speed-Sensor-Module.jpg>
Package pdftex.def Info: MH-Infrared-Speed-Sensor-Module.jpg  used on input lin
e 257.
(pdftex.def)             Requested size: 176.40439pt x 176.40323pt.


[14 <./MITSUMI-Stepping-Motor-M42SP-4NP.jpg> <./stepper-motors-half-step.jpg>]
<circuit.png, id=317, 762.85pt x 682.55pt>
File: circuit.png Graphic file (type png)
<use circuit.png>
Package pdftex.def Info: circuit.png  used on input line 266.
(pdftex.def)             Requested size: 441.01773pt x 394.58783pt.


[15 <./28BYJ-48-modul-ULN2003.jpg> <./MH-Infrared-Speed-Sensor-Module.jpg>]

[16 <./circuit.png>]
4. fejezet.
(c:/texlive/2024/texmf-dist/tex/latex/listings/lstlang1.sty
File: lstlang1.sty 2024/05/25 1.10b listings language file
)

[17

]

[18]
LaTeX Font Info:    Trying to load font information for TS1+pcr on input line 3
42.
 (c:/texlive/2024/texmf-dist/tex/latex/psnfss/ts1pcr.fd
File: ts1pcr.fd 2001/06/04 font definitions for TS1/pcr.
)

[19]

[20]

[21]

[22]

[23]

[24]

[25{c:/texlive/2024/texmf-dist/fonts/enc/dvips/lm/lm-mathit.enc}{c:/texlive/202
4/texmf-dist/fonts/enc/dvips/lm/lm-rm.enc}]

[26{c:/texlive/2024/texmf-dist/fonts/enc/dvips/lm/lm-mathsy.enc}]

[27]

[28]
5. fejezet.
<tesztalkalmazas.png, id=689, 609.02531pt x 369.63094pt>
File: tesztalkalmazas.png Graphic file (type png)
<use tesztalkalmazas.png>
Package pdftex.def Info: tesztalkalmazas.png  used on input line 661.
(pdftex.def)             Requested size: 308.71106pt x 187.36996pt.


[29

]
<tesztalkalmazas2.png, id=707, 1017.04968pt x 341.02406pt>
File: tesztalkalmazas2.png Graphic file (type png)
<use tesztalkalmazas2.png>
Package pdftex.def Info: tesztalkalmazas2.png  used on input line 669.
(pdftex.def)             Requested size: 441.01773pt x 147.87593pt.
<scanner.jpeg, id=709, 2055.68pt x 1541.76pt>
File: scanner.jpeg Graphic file (type jpg)
<use scanner.jpeg>
Package pdftex.def Info: scanner.jpeg  used on input line 677.
(pdftex.def)             Requested size: 308.71106pt x 231.5128pt.


[30 <./tesztalkalmazas.png> <./tesztalkalmazas2.png>]
<finished_scanner.jpeg, id=720, 2055.68pt x 1469.49pt>
File: finished_scanner.jpeg Graphic file (type jpg)
<use finished_scanner.jpeg>
Package pdftex.def Info: finished_scanner.jpeg  used on input line 686.
(pdftex.def)             Requested size: 308.71106pt x 220.66063pt.


[31 <./scanner.JPEG> <./finished_scanner.JPEG>]

[32

]
LaTeX Font Info:    Font shape `T1/pcr/m/it' in size <12> not available
(Font)              Font shape `T1/pcr/m/sl' tried instead on input line 707.

Overfull \hbox (14.29442pt too wide) in paragraph at lines 709--710
[][]\T1/lmr/m/n/12 2.3[]. áb-ra: []$\T1/pcr/m/sl/12 https : / / www . makerguid
es . com / wp-[]content / uploads / 2020 /
 []


Overfull \hbox (14.29442pt too wide) in paragraph at lines 713--714
[][]\T1/lmr/m/n/12 3.4[]. áb-ra: []$\T1/pcr/m/sl/12 https : / / www . picmicrol
ab . com / wp-[]content / uploads / 2014 /
 []


Overfull \hbox (14.24652pt too wide) in paragraph at lines 714--715
[][]\T1/lmr/m/n/12 3.5[]. áb-ra: []$\T1/pcr/m/sl/12 https : / / www . orientalm
otor . com / images / stepper-[]motors /
 []


Overfull \hbox (7.14232pt too wide) in paragraph at lines 715--716
[][]\T1/lmr/m/n/12 3.6[]. áb-ra: []$\T1/pcr/m/sl/12 https : / / www . hwlibre .
 com / wp-[]content / uploads / 2024 / 10 /
 []



[33

]
Underfull \hbox (badness 10000) in paragraph at lines 728--729
[]\T1/lmr/m/n/12 What is an Ar-du-i-no: []$\T1/pcr/m/n/12 https : / / learn . s
parkfun . com / tutorials /
 []


Underfull \hbox (badness 10000) in paragraph at lines 733--734
[]\T1/lmr/m/n/12 ADNS-9800 adat-lap:[]$\T1/pcr/m/n/12 https : / / datasheet . o
ctopart . com /
 []


Underfull \hbox (badness 10000) in paragraph at lines 736--737
[]\T1/lmr/m/n/12 ADNS-9800 5V mód ak-ti-vá-lá-sa: []$\T1/pcr/m/n/12 https : / /
 forum . arduino . cc / t /
 []


Underfull \hbox (badness 10000) in paragraph at lines 738--739
[]\T1/lmr/m/n/12 Soros kom-mu-ni-ká-ció: []$\T1/pcr/m/n/12 https : / / docs . a
rduino . cc /
 []


Underfull \hbox (badness 10000) in paragraph at lines 739--740
[]\T1/lmr/m/n/12 Léptet® mo-to-rok: []$\T1/pcr/m/n/12 https : / / docs . arduin
o . cc / learn / electronics /
 []


Underfull \hbox (badness 10000) in paragraph at lines 740--741
[]\T1/lmr/m/n/12 L298N mo-tor-ve-zér-l®: []$\T1/pcr/m/n/12 https : / / techfun 
. hu / termek /
 []


Underfull \hbox (badness 10000) in paragraph at lines 740--741
\T1/pcr/m/n/12 l298n-[]vezerlomodul-[]dual-[]h-[]bridge-[]v2-[]0-[]motorkerekpa
rokhoz /
 []



[34

]
Underfull \hbox (badness 10000) in paragraph at lines 741--742
[]\T1/lmr/m/n/12 Arduino Step-per könyv-tár: []$\T1/pcr/m/n/12 https : / / docs
 . arduino . cc / libraries /
 []


Underfull \hbox (badness 5548) in paragraph at lines 742--743
[]\T1/lmr/m/n/12 Bicubic In-ter-po-la-ti-on by Com-pu-terp-hi-le: []$\T1/pcr/m/
n/12 https : / / www . youtube . com /
 []


Underfull \hbox (badness 10000) in paragraph at lines 744--745
[]\T1/lmr/m/n/12 Bicubic In-ter-po-la-ti-on: []$\T1/pcr/m/n/12 https : / / clou
dinary . com / glossary /
 []


Underfull \hbox (badness 10000) in paragraph at lines 747--748
[]\T1/lmr/m/n/12 Windows Forms: []$\T1/pcr/m/n/12 https : / / learn . microsoft
 . com / hu-[]hu / dotnet /
 []


Underfull \hbox (badness 10000) in paragraph at lines 749--750
[]\T1/lmr/m/n/12 L[]T[]X Ar-du-i-no stí-lus fájl: []$\T1/pcr/m/n/12 https : / /
 github . com / trihedral /
 []


Underfull \hbox (badness 10000) in paragraph at lines 752--753
[]\T1/lmr/m/n/12 Bitmap.LockBits hasz-ná-la-ta: []$\T1/pcr/m/n/12 URLhttps : / 
/ learn . microsoft . com /
 []


Underfull \hbox (badness 10000) in paragraph at lines 752--753
\T1/pcr/m/n/12 en-[]us / dotnet / api / system . drawing . bitmap . lockbits ? 
view =
 []


Underfull \hbox (badness 10000) in paragraph at lines 753--754
[]\T1/lmr/m/n/12 Lockbit vs Set-Pi-xel: []$\T1/pcr/m/n/12 https : / / www . cod
eproject . com / Articles /
 []


Underfull \hbox (badness 10000) in paragraph at lines 754--755
[]\T1/lmr/m/n/12 Rectangle osz-tály: []$\T1/pcr/m/n/12 URLhttps : / / learn . m
icrosoft . com / en-[]us /
 []


Underfull \hbox (badness 10000) in paragraph at lines 754--755
\T1/pcr/m/n/12 dotnet / api / system . drawing . rectangle ? view = net-[]9 . 0
 &
 []


Underfull \hbox (badness 10000) in paragraph at lines 755--756
[]\T1/lmr/m/n/12 Marshal Co-py me-tó-dus: []$\T1/pcr/m/n/12 https : / / learn .
 microsoft . com / en-[]us /
 []


Underfull \hbox (badness 10000) in paragraph at lines 755--756
\T1/pcr/m/n/12 dotnet / api / system . runtime . interopservices . marshal . co
py ?
 []



[35]
<Nyilatkozat/nyilatkozat.pdf, id=852, 1682.285pt x 2535.4725pt>
File: Nyilatkozat/nyilatkozat.pdf Graphic file (type pdf)
<use Nyilatkozat/nyilatkozat.pdf>
Package pdftex.def Info: Nyilatkozat/nyilatkozat.pdf  used on input line 760.
(pdftex.def)             Requested size: 1682.28091pt x 2535.46635pt.
File: Nyilatkozat/nyilatkozat.pdf Graphic file (type pdf)
<use Nyilatkozat/nyilatkozat.pdf>
Package pdftex.def Info: Nyilatkozat/nyilatkozat.pdf  used on input line 760.
(pdftex.def)             Requested size: 1682.28091pt x 2535.46635pt.
<Nyilatkozat/nyilatkozat.pdf, id=855, page=1, 1682.285pt x 2535.4725pt>
File: Nyilatkozat/nyilatkozat.pdf Graphic file (type pdf)
<use Nyilatkozat/nyilatkozat.pdf, page 1>
Package pdftex.def Info: Nyilatkozat/nyilatkozat.pdf , page1 used on input line
 760.
(pdftex.def)             Requested size: 1682.28091pt x 2535.46635pt.
File: Nyilatkozat/nyilatkozat.pdf Graphic file (type pdf)
<use Nyilatkozat/nyilatkozat.pdf, page 1>
Package pdftex.def Info: Nyilatkozat/nyilatkozat.pdf , page1 used on input line
 760.
(pdftex.def)             Requested size: 560.7774pt x 845.18123pt.


[36]
File: Nyilatkozat/nyilatkozat.pdf Graphic file (type pdf)
<use Nyilatkozat/nyilatkozat.pdf, page 1>
Package pdftex.def Info: Nyilatkozat/nyilatkozat.pdf , page1 used on input line
 760.
(pdftex.def)             Requested size: 560.7774pt x 845.18123pt.
File: Nyilatkozat/nyilatkozat.pdf Graphic file (type pdf)
<use Nyilatkozat/nyilatkozat.pdf, page 1>
Package pdftex.def Info: Nyilatkozat/nyilatkozat.pdf , page1 used on input line
 760.
(pdftex.def)             Requested size: 560.7774pt x 845.18123pt.


File: Nyilatkozat/nyilatkozat.pdf Graphic file (type pdf)
<use Nyilatkozat/nyilatkozat.pdf, page 1>
Package pdftex.def Info: Nyilatkozat/nyilatkozat.pdf , page1 used on input line
 760.
(pdftex.def)             Requested size: 560.7774pt x 845.18123pt.
[37

 <./Nyilatkozat/Nyilatkozat.pdf>] (./FX0W53.aux)
 ***********
LaTeX2e <2024-06-01> patch level 2
L3 programming layer <2024-08-30>
 ***********
Package rerunfilecheck Info: File `FX0W53.out' has not changed.
(rerunfilecheck)             Checksum: 0EF3E51C3E3DBF170E5DBAFA425CFF68;4747.
 ) 
Here is how much of TeX's memory you used:
 18748 strings out of 473579
 295449 string characters out of 5732263
 1068984 words of memory out of 5000000
 40876 multiletter control sequences out of 15000+600000
 633098 words of font info for 98 fonts, out of 8000000 for 9000
 1141 hyphenation exceptions out of 8191
 84i,17n,93p,1431b,2225s stack positions out of 10000i,1000n,20000p,200000b,200000s
<c:/texlive/2024/texmf-dist/fonts/type1/public/amsfonts/cm/cmex10.pfb><c:/tex
live/2024/texmf-dist/fonts/type1/public/lm/lmbx10.pfb><c:/texlive/2024/texmf-di
st/fonts/type1/public/lm/lmbx12.pfb><c:/texlive/2024/texmf-dist/fonts/type1/pub
lic/lm/lmcsc10.pfb><c:/texlive/2024/texmf-dist/fonts/type1/public/lm/lmmi12.pfb
><c:/texlive/2024/texmf-dist/fonts/type1/public/lm/lmr10.pfb><c:/texlive/2024/t
exmf-dist/fonts/type1/public/lm/lmr12.pfb><c:/texlive/2024/texmf-dist/fonts/typ
e1/public/lm/lmr6.pfb><c:/texlive/2024/texmf-dist/fonts/type1/public/lm/lmr8.pf
b><c:/texlive/2024/texmf-dist/fonts/type1/public/lm/lmri12.pfb><c:/texlive/2024
/texmf-dist/fonts/type1/public/lm/lmsy10.pfb><c:/texlive/2024/texmf-dist/fonts/
type1/urw/courier/ucrb8a.pfb><c:/texlive/2024/texmf-dist/fonts/type1/urw/courie
r/ucrr8a.pfb><c:/texlive/2024/texmf-dist/fonts/type1/urw/courier/ucrro8a.pfb>
Output written on FX0W53.pdf (37 pages, 3585849 bytes).
PDF statistics:
 1049 PDF objects out of 1200 (max. 8388607)
 943 compressed objects within 10 object streams
 472 named destinations out of 1000 (max. 500000)
 325 words of extra memory for PDF output out of 10000 (max. 10000000)

